load the config
path:log/11/22/11-22-14-18-41
start time:11-22-14-18-41
{'GAMMA': 0.9, 'BATCH_SIZE': 16, 'FINAL_EPSILON': 0.01, 'INITIAL_EPSILON': 0.35, 'BOUND_RANGE': [100, 100], 'MODEL_SAVE': False, 'STEP_SIZE': 0.025, 'REPLAY_SIZE': 50000, 'GBEST_USED': False, 'INITIAL_VAULE': [0, 100, 0, 0], 'OK_EPS': 1.0, 'STEP': 2400, 'EPISODE': 40000, 'TEST': 10, 'TEST_BATCH_SIZE': 100}
fig size: 80.0 DPI, size in inches [ 3.  4.]
env init ok
episode:0 ave_reward:-3.0 ave_distance:57.81855439884414 mini_state:[0, 100, 0, 0] minidistance:57.818554398844135
episode:100 ave_reward:-1.5 ave_distance:57.81855439884414 mini_state:[0, 100, 0, 0] minidistance:57.818554398844135
episode:200 ave_reward:-3.0 ave_distance:57.81855439884414 mini_state:[0, 100, 0, 0] minidistance:57.818554398844135
episode:300 ave_reward:-3.0 ave_distance:57.81855439884414 mini_state:[0, 100, 0, 0] minidistance:57.818554398844135
episode:400 ave_reward:-3.0 ave_distance:57.81855439884414 mini_state:[0, 100, 0, 0] minidistance:57.818554398844135
episode:500 ave_reward:-2.5 ave_distance:57.81855439884414 mini_state:[0, 100, 0, 0] minidistance:57.818554398844135
episode:600 ave_reward:-1.0 ave_distance:57.81855439884414 mini_state:[0, 100, 0, 0] minidistance:57.818554398844135
episode:700 ave_reward:-4.0 ave_distance:57.81855439884414 mini_state:[0, 100, 0, 0] minidistance:57.818554398844135
episode:800 ave_reward:-2.5 ave_distance:57.81855439884414 mini_state:[0, 100, 0, 0] minidistance:57.818554398844135
episode:900 ave_reward:-2.5 ave_distance:57.81855439884414 mini_state:[0, 100, 0, 0] minidistance:57.818554398844135
episode:1000 ave_reward:-2.5 ave_distance:57.81855439884414 mini_state:[0, 100, 0, 0] minidistance:57.818554398844135
episode:1100 ave_reward:-2.0 ave_distance:57.81855439884414 mini_state:[0, 100, 0, 0] minidistance:57.818554398844135
episode:1200 ave_reward:-2.5 ave_distance:57.81855439884414 mini_state:[0, 100, 0, 0] minidistance:57.818554398844135
episode:1300 ave_reward:-3.0 ave_distance:57.81855439884414 mini_state:[0, 100, 0, 0] minidistance:57.818554398844135
episode:1400 ave_reward:-2.5 ave_distance:57.81855439884414 mini_state:[0, 100, 0, 0] minidistance:57.818554398844135
episode:1500 ave_reward:-3.0 ave_distance:57.81855439884414 mini_state:[0, 100, 0, 0] minidistance:57.818554398844135
episode:1600 ave_reward:-3.5 ave_distance:57.81855439884414 mini_state:[0, 100, 0, 0] minidistance:57.818554398844135
episode:1700 ave_reward:-3.5 ave_distance:57.81855439884414 mini_state:[0, 100, 0, 0] minidistance:57.818554398844135
episode:1800 ave_reward:-2.5 ave_distance:57.81855439884414 mini_state:[0, 100, 0, 0] minidistance:57.818554398844135
episode:1900 ave_reward:-3.5 ave_distance:57.81855439884414 mini_state:[0, 100, 0, 0] minidistance:57.818554398844135
episode:2000 ave_reward:-1.5 ave_distance:57.81855439884414 mini_state:[0, 100, 0, 0] minidistance:57.818554398844135
episode:2100 ave_reward:-2.5 ave_distance:57.81855439884414 mini_state:[0, 100, 0, 0] minidistance:57.818554398844135
episode:2200 ave_reward:-4.0 ave_distance:57.81855439884414 mini_state:[0, 100, 0, 0] minidistance:57.818554398844135
episode:2300 ave_reward:-2.5 ave_distance:57.81855439884414 mini_state:[0, 100, 0, 0] minidistance:57.818554398844135
episode:2400 ave_reward:-2.5 ave_distance:57.81855439884414 mini_state:[0, 100, 0, 0] minidistance:57.818554398844135
episode:2500 ave_reward:0.49425 ave_distance:57.81855439884414 mini_state:[0.0, 90.02499999999773, 9.975000000000074, 0.0] minidistance:57.818554398844135
episode:2600 ave_reward:0.50725 ave_distance:57.81855439884414 mini_state:[0.0, 90.02499999999773, 9.975000000000074, 0.0] minidistance:57.818554398844135
episode:2700 ave_reward:0.4995 ave_distance:57.81855439884414 mini_state:[0.0, 90.02499999999773, 9.975000000000074, 0.0] minidistance:57.818554398844135
episode:2800 ave_reward:0.493 ave_distance:57.81855439884414 mini_state:[0.0, 90.02499999999773, 9.975000000000074, 0.0] minidistance:57.818554398844135
episode:2900 ave_reward:0.4945 ave_distance:57.81855439884414 mini_state:[0.0, 90.02499999999773, 9.975000000000074, 0.0] minidistance:57.818554398844135
episode:3000 ave_reward:0.4885 ave_distance:57.81855439884414 mini_state:[0.0, 90.02499999999773, 9.975000000000074, 0.0] minidistance:57.818554398844135
episode:3100 ave_reward:0.4985 ave_distance:57.81855439884414 mini_state:[0.0, 90.02499999999773, 9.975000000000074, 0.0] minidistance:57.818554398844135
episode:3200 ave_reward:0.50625 ave_distance:57.81855439884414 mini_state:[0.0, 90.02499999999773, 9.975000000000074, 0.0] minidistance:57.818554398844135
episode:3300 ave_reward:0.4925 ave_distance:57.81855439884414 mini_state:[0.0, 90.02499999999773, 9.975000000000074, 0.0] minidistance:57.818554398844135
episode:3400 ave_reward:0.46296296296296297 ave_distance:467.82297782545027 mini_state:[1.0250000000000004, 100.0, 1.0250000000000004, 1.0250000000000004] minidistance:351.1137087465337
episode:3500 ave_reward:0.50975 ave_distance:57.81855439884414 mini_state:[0.0, 90.02499999999773, 9.975000000000074, 0.0] minidistance:57.818554398844135
episode:3600 ave_reward:0.4775 ave_distance:57.81855439884414 mini_state:[0.0, 90.02499999999773, 9.975000000000074, 0.0] minidistance:57.818554398844135
episode:3700 ave_reward:0.4935 ave_distance:57.81855439884414 mini_state:[0.0, 90.02499999999773, 9.975000000000074, 0.0] minidistance:57.818554398844135
episode:3800 ave_reward:0.48575 ave_distance:57.81855439884414 mini_state:[0.0, 90.02499999999773, 9.975000000000074, 0.0] minidistance:57.818554398844135
episode:3900 ave_reward:0.4972916666666667 ave_distance:57.81855439884414 mini_state:[0.0, 39.999999999993186, 0.0, 0.0] minidistance:57.818554398844135
episode:4000 ave_reward:0.48425 ave_distance:57.81855439884414 mini_state:[0.0, 109.97500000000227, 9.975000000000074, 0.0] minidistance:57.818554398844135
episode:4100 ave_reward:0.5024166666666666 ave_distance:57.81855439884414 mini_state:[0.0, 39.999999999993186, 0.0, 0.0] minidistance:57.818554398844135
episode:4200 ave_reward:0.48975 ave_distance:57.81855439884414 mini_state:[0.0, 109.97500000000227, 9.975000000000074, 0.0] minidistance:57.818554398844135
episode:4300 ave_reward:0.5005 ave_distance:57.81855439884414 mini_state:[0.0, 39.999999999993186, 0.0, 0.0] minidistance:57.818554398844135
episode:4400 ave_reward:0.48725 ave_distance:57.81855439884414 mini_state:[0.0, 109.97500000000227, 9.975000000000074, 0.0] minidistance:57.818554398844135
episode:4500 ave_reward:0.5012916666666667 ave_distance:57.81855439884414 mini_state:[0.0, 39.999999999993186, 0.0, 0.0] minidistance:57.818554398844135
episode:4600 ave_reward:0.49783333333333335 ave_distance:57.81855439884414 mini_state:[0.0, 39.999999999993186, 0.0, 0.0] minidistance:57.818554398844135
episode:4700 ave_reward:0.4999166666666667 ave_distance:57.81855439884414 mini_state:[0.0, 39.999999999993186, 0.0, 0.0] minidistance:57.818554398844135
episode:4800 ave_reward:0.5020416666666667 ave_distance:57.81855439884414 mini_state:[0.0, 39.999999999993186, 0.0, 0.0] minidistance:57.818554398844135
episode:4900 ave_reward:0.5029166666666667 ave_distance:57.81855439884414 mini_state:[0.0, 39.999999999993186, 0.0, 0.0] minidistance:57.818554398844135
episode:5000 ave_reward:0.38724373576309795 ave_distance:532.142373387617 mini_state:[0.0, 100.0, 0.0, 1.0500000000000003] minidistance:431.50140825242613
episode:5100 ave_reward:0.50475 ave_distance:57.81855439884414 mini_state:[0.0, 39.999999999993186, 0.0, 0.0] minidistance:57.818554398844135
episode:5200 ave_reward:0.49583333333333335 ave_distance:57.81855439884414 mini_state:[0.0, 39.999999999993186, 0.0, 0.0] minidistance:57.818554398844135
episode:5300 ave_reward:0.5007083333333333 ave_distance:57.81855439884414 mini_state:[0.0, 39.999999999993186, 0.0, 0.0] minidistance:57.818554398844135
episode:5400 ave_reward:0.4979166666666667 ave_distance:56.555886338791154 mini_state:[0.0, 40.27499999999317, 0.27499999999999997, 0.27499999999999997] minidistance:56.55588633879115
episode:5500 ave_reward:0.4874141876430206 ave_distance:525.3265524182273 mini_state:[0.0, 101.05000000000024, 0.0, 1.0500000000000003] minidistance:443.9545488310351
episode:5600 ave_reward:0.48623853211009177 ave_distance:514.0343984528605 mini_state:[0.0, 101.02500000000023, 0.0, 1.0250000000000004] minidistance:351.1137087465359
episode:5700 ave_reward:0.48975 ave_distance:57.81855439884414 mini_state:[0.0, 109.97500000000227, 9.975000000000074, 0.0] minidistance:57.818554398844135
episode:5800 ave_reward:0.5027916666666666 ave_distance:57.81855439884414 mini_state:[0.0, 39.999999999993186, 0.0, 0.0] minidistance:57.818554398844135
episode:5900 ave_reward:0.5012061711079944 ave_distance:523.7428418936715 mini_state:[44.52499999999854, 100.95000000000022, 0.9500000000000005, 0.9500000000000005] minidistance:460.2623552310994
episode:6000 ave_reward:0.503625 ave_distance:57.81855439884414 mini_state:[59.99999999999766, 160.00000000001364, 0.0, 0.0] minidistance:57.818554398844135
episode:6100 ave_reward:0.5029472764981989 ave_distance:547.5063620871065 mini_state:[44.42499999999855, 100.0, 1.3499999999999992, 0.0] minidistance:528.0130364415934
episode:6200 ave_reward:0.49733333333333335 ave_distance:57.81855439884414 mini_state:[59.99999999999766, 160.00000000001364, 0.0, 0.0] minidistance:57.818554398844135
episode:6300 ave_reward:0.4941352218656634 ave_distance:493.7409908560492 mini_state:[43.79999999999858, 100.0, 1.3249999999999993, 0.0] minidistance:426.0045084402874
episode:6400 ave_reward:0.496375 ave_distance:57.81855439884414 mini_state:[0.0, 100.0, 0.0, 0.0] minidistance:57.818554398844135
episode:6500 ave_reward:0.49441666666666667 ave_distance:57.81855439884414 mini_state:[0.0, 39.999999999993186, 0.0, 0.0] minidistance:57.818554398844135
episode:6600 ave_reward:0.5007083333333333 ave_distance:57.81855439884414 mini_state:[0.0, 39.999999999993186, 0.0, 0.0] minidistance:57.818554398844135
episode:6700 ave_reward:0.4276018099547511 ave_distance:550.319851401131 mini_state:[0.0, 98.94999999999976, 0.0, 1.0500000000000003] minidistance:419.2255253510821
episode:6800 ave_reward:0.5043333333333333 ave_distance:57.81855439884414 mini_state:[0.0, 160.00000000001364, 0.0, 0.0] minidistance:57.818554398844135
episode:6900 ave_reward:0.50275 ave_distance:57.81855439884414 mini_state:[0.0, 160.00000000001364, 0.0, 0.0] minidistance:57.818554398844135
episode:7000 ave_reward:0.4105504587155963 ave_distance:497.9454130150827 mini_state:[0.0, 100.0, 1.0500000000000003, 1.0500000000000003] minidistance:431.50140825242613
episode:7100 ave_reward:0.4979181396810433 ave_distance:512.0263284958421 mini_state:[30.699999999999324, 70.32499999999325, 1.0250000000000004, 1.0250000000000004] minidistance:351.11370874646025
episode:7200 ave_reward:0.494 ave_distance:57.81855439884414 mini_state:[0.0, 109.97500000000227, 9.975000000000074, 0.0] minidistance:57.818554398844135
episode:7300 ave_reward:0.5001666666666666 ave_distance:57.81855439884414 mini_state:[0.0, 160.00000000001364, 0.0, 0.0] minidistance:57.818554398844135
episode:7400 ave_reward:0.4995833333333333 ave_distance:57.81855439884414 mini_state:[0.0, 160.00000000001364, 0.0, 0.0] minidistance:57.818554398844135
episode:7500 ave_reward:0.5050207204335352 ave_distance:502.9835607851395 mini_state:[30.24999999999935, 70.77499999999336, 1.0250000000000004, 1.0250000000000004] minidistance:351.11370874646127
episode:7600 ave_reward:0.4921949309013596 ave_distance:492.1036225190179 mini_state:[44.274999999998556, 99.39999999999986, 1.2999999999999994, 0.35000000000000003] minidistance:381.9653734553617
episode:7700 ave_reward:0.5007083333333333 ave_distance:57.81855439884414 mini_state:[0.0, 39.999999999993186, 0.0, 0.0] minidistance:57.818554398844135
episode:7800 ave_reward:0.5095551760592014 ave_distance:521.3104125042908 mini_state:[30.699999999999324, 70.34999999999326, 1.0500000000000003, 1.0500000000000003] minidistance:443.9545488309456
episode:7900 ave_reward:0.498875 ave_distance:57.81855439884414 mini_state:[0.0, 160.00000000001364, 0.0, 0.0] minidistance:57.818554398844135
episode:8000 ave_reward:0.49370833333333336 ave_distance:57.81855439884414 mini_state:[0.0, 160.00000000001364, 0.0, 0.0] minidistance:57.818554398844135
episode:8100 ave_reward:0.495625 ave_distance:57.81855439884414 mini_state:[0.0, 160.00000000001364, 0.0, 0.0] minidistance:57.818554398844135
episode:8200 ave_reward:0.5061666666666667 ave_distance:57.81855439884414 mini_state:[0.0, 160.00000000001364, 0.0, 0.0] minidistance:57.818554398844135
episode:8300 ave_reward:0.49966666666666665 ave_distance:57.81855439884414 mini_state:[0.0, 160.00000000001364, 0.0, 0.0] minidistance:57.818554398844135
episode:8400 ave_reward:0.46788990825688076 ave_distance:510.25957483677087 mini_state:[0.0, 101.05000000000024, 1.0500000000000003, 1.0500000000000003] minidistance:443.9545488310351
episode:8500 ave_reward:0.4970948270999041 ave_distance:520.4663428712331 mini_state:[43.32499999999861, 99.04999999999978, 0.9500000000000005, 0.9500000000000005] minidistance:434.07796801282
episode:8600 ave_reward:0.43119266055045874 ave_distance:481.9337633064336 mini_state:[0.0, 98.94999999999976, 1.0500000000000003, 1.0500000000000003] minidistance:419.2255253510821
episode:8700 ave_reward:0.42857142857142855 ave_distance:539.8684784085724 mini_state:[0.0, 98.94999999999976, 1.0500000000000003, 1.0500000000000003] minidistance:419.2255253510821
episode:8800 ave_reward:0.39359267734553777 ave_distance:506.05131601167807 mini_state:[1.0500000000000003, 100.0, 0.0, 1.0500000000000003] minidistance:430.91297879072334
episode:8900 ave_reward:0.49625 ave_distance:57.81855439884414 mini_state:[0.0, 90.02499999999773, 9.975000000000074, 0.0] minidistance:57.818554398844135
episode:9000 ave_reward:0.4999166666666667 ave_distance:57.81855439884414 mini_state:[0.0, 160.00000000001364, 0.0, 0.0] minidistance:57.818554398844135
episode:9100 ave_reward:0.5064583333333333 ave_distance:57.81855439884414 mini_state:[0.0, 100.0, 0.0, 0.0] minidistance:57.818554398844135
episode:9200 ave_reward:0.4341801385681293 ave_distance:477.10706183390295 mini_state:[0.0, 101.05000000000024, 0.0, 1.0500000000000003] minidistance:443.9545488310351
episode:9300 ave_reward:0.428246013667426 ave_distance:518.9657324234553 mini_state:[0.0, 98.94999999999976, 0.0, 1.0500000000000003] minidistance:419.2255253510821
episode:9400 ave_reward:0.4915 ave_distance:57.81855439884414 mini_state:[0.0, 160.00000000001364, 0.0, 0.0] minidistance:57.818554398844135
episode:9500 ave_reward:0.36674259681093396 ave_distance:535.808875332967 mini_state:[0.0, 100.0, 0.0, 1.0250000000000004] minidistance:341.177119914731
