load the config
path:log/11/22/11-22-15-13-28
start time:11-22-15-13-28
{'MODEL_SAVE': True, 'EPISODE': 40000, 'INITIAL_VAULE': [0, 100, 0, 0], 'TEST_BATCH_SIZE': 100, 'GOAL': [1.52546, 35.329, 0.25, 1.1], 'TEST': 10, 'REPLAY_SIZE': 50000, 'BOUND_RANGE': [100, 100], 'INITIAL_EPSILON': 0.35, 'GAMMA': 0.9, 'DATA_FILE': 'data_cmp.csv', 'GBEST_USED': False, 'OK_EPS': 1.0, 'STEP': 2400, 'BATCH_SIZE': 16, 'FINAL_EPSILON': 0.01, 'STEP_SIZE': 0.025}
env init ok
episode:0 ave_reward:-1.5 ave_distance:173.72171291657676 mini_state:[0, 100, 0, 0] minidistance:173.7217129165768
episode:100 ave_reward:0.5165354330708661 ave_distance:173.72171291657676 mini_state:[3.149999999999993, 100.0, 0.0, 0.0] minidistance:173.7217129165768
episode:200 ave_reward:0.482 ave_distance:173.72171291657676 mini_state:[3.7249999999999908, 100.0, 0.0, 0.0] minidistance:173.7217129165768
episode:300 ave_reward:0.4559748427672956 ave_distance:173.72171291657676 mini_state:[3.94999999999999, 100.0, 0.0, 0.0] minidistance:173.7217129165768
episode:400 ave_reward:0.47854077253218885 ave_distance:173.72171291657676 mini_state:[5.800000000000015, 100.0, 0.0, 0.0] minidistance:173.7217129165768
episode:500 ave_reward:0.48439490445859873 ave_distance:173.72171291657676 mini_state:[7.825000000000044, 100.0, 0.0, 0.0] minidistance:173.7217129165768
episode:600 ave_reward:0.5003267973856209 ave_distance:173.72171291657676 mini_state:[7.625000000000041, 100.0, 0.0, 0.0] minidistance:173.7217129165768
episode:700 ave_reward:0.5038989974006683 ave_distance:1414.915376439652 mini_state:[5.525000000000011, 100.0, 1.1749999999999998, 1.1749999999999998] minidistance:1327.4445923743508
episode:800 ave_reward:0.4732856541859487 ave_distance:1509.4350534577889 mini_state:[4.725, 100.0, 1.15, 1.15] minidistance:1055.0276983009603
episode:900 ave_reward:0.48210240144993205 ave_distance:1484.4194368368849 mini_state:[4.299999999999994, 100.0, 1.1749999999999998, 1.1749999999999998] minidistance:1285.8272733646286
episode:1000 ave_reward:0.4891640866873065 ave_distance:1486.7095038810628 mini_state:[3.624999999999991, 100.0, 1.1749999999999998, 1.1749999999999998] minidistance:1263.1785889569649
episode:1100 ave_reward:0.4777415852334419 ave_distance:1606.2392308480075 mini_state:[3.374999999999992, 100.0, 1.1749999999999998, 1.1749999999999998] minidistance:1254.8412710715088
episode:1200 ave_reward:0.4226289517470882 ave_distance:1657.977893659933 mini_state:[4.474999999999996, 97.04999999999933, 2.9499999999999935, 0.0] minidistance:1613.9742090814036
episode:1300 ave_reward:0.436241610738255 ave_distance:1638.8462416209884 mini_state:[4.800000000000001, 97.12499999999935, 2.874999999999994, 0.0] minidistance:1538.995653304779
episode:1400 ave_reward:0.4908003679852806 ave_distance:1550.2089485233648 mini_state:[5.3500000000000085, 99.02499999999978, 2.0499999999999967, 1.0750000000000002] minidistance:1432.8554473145557
episode:1500 ave_reward:0.4447012215252559 ave_distance:1679.0622332126302 mini_state:[4.4999999999999964, 97.99999999999955, 2.3999999999999955, 1.0000000000000004] minidistance:1398.694794164362
episode:1600 ave_reward:0.47206528562460764 ave_distance:1543.7509163553357 mini_state:[2.7499999999999942, 101.17500000000027, 1.2749999999999995, 1.1749999999999998] minidistance:1303.8785321589942
episode:1700 ave_reward:0.49641693811074916 ave_distance:1524.2240118294626 mini_state:[2.774999999999994, 127.02500000000614, 1.0250000000000004, 1.1] minidistance:1226.6749988629238
episode:1800 ave_reward:0.4971394158386028 ave_distance:1654.9305760510947 mini_state:[2.4249999999999954, 78.82499999999519, 1.5999999999999983, 1.2749999999999995] minidistance:1563.763712245297
episode:1900 ave_reward:0.48912046686119215 ave_distance:1602.312589380334 mini_state:[3.8249999999999904, 77.27499999999483, 2.9249999999999936, 0.7750000000000004] minidistance:1421.371418401883
episode:2000 ave_reward:0.4852752880921895 ave_distance:1463.6297953392018 mini_state:[2.274999999999996, 91.82499999999814, 1.3249999999999993, 1.1999999999999997] minidistance:1220.3911993359643
episode:2100 ave_reward:0.4887966804979253 ave_distance:1522.0043320478062 mini_state:[3.074999999999993, 101.40000000000032, 2.224999999999996, 1.1] minidistance:1401.8002257589264
episode:2200 ave_reward:0.500625 ave_distance:173.72171291657676 mini_state:[0.0, 160.00000000001364, 0.0, 0.0] minidistance:173.7217129165768
episode:2300 ave_reward:0.49575 ave_distance:173.72171291657676 mini_state:[0.0, 160.00000000001364, 0.0, 0.0] minidistance:173.7217129165768
episode:2400 ave_reward:0.49948472924864157 ave_distance:1472.9255413597316 mini_state:[2.024999999999997, 151.82500000001178, 0.24999999999999997, 1.0500000000000003] minidistance:1222.3186747254922
episode:2500 ave_reward:0.44509345794392524 ave_distance:1415.5091803806035 mini_state:[1.1749999999999998, 100.60000000000014, 0.6000000000000002, 1.1749999999999998] minidistance:1167.4454473403382
episode:2600 ave_reward:0.489125 ave_distance:173.71394535997726 mini_state:[0.025, 94.37499999999872, 0.24999999999999997, 0.05] minidistance:173.71394535997726
